Using pre-set license
Built from '2020.2/release' branch; Version is '2020.2.2f1 (068178b99f32) revision 426360'; Using compiler version '192528614'; Build Type 'Release'
OS: 'Windows 10 Pro; OS build 19041.804; Version 2004; 64bit' Language: 'ru' Physical Memory: 32690 MB
BatchMode: 1, IsHumanControllingUs: 0, StartBugReporterOnCrash: 0, Is64bit: 1, IsPro: 0

 COMMAND LINE ARGUMENTS:
C:\Program Files\Unity\Hub\Editor\2020.2.2f1\Editor\Unity.exe
-adb2
-batchMode
-noUpm
-name
AssetImportWorker0
-projectPath
D:/Programm/Bean-Jam-8/Bean-Jam-8
-logFile
Logs/AssetImportWorker0.log
-srvPort
8368
Successfully changed project path to: D:/Programm/Bean-Jam-8/Bean-Jam-8
D:/Programm/Bean-Jam-8/Bean-Jam-8
Using Asset Import Pipeline V2.
Refreshing native plugins compatible for Editor in 32.61 ms, found 1 plugins.
Preloading 0 native plugins for Editor in 0.00 ms.
Initialize engine version: 2020.2.2f1 (068178b99f32)
[Subsystems] Discovering subsystems at path C:/Program Files/Unity/Hub/Editor/2020.2.2f1/Editor/Data/Resources/UnitySubsystems
[Subsystems] Discovering subsystems at path D:/Programm/Bean-Jam-8/Bean-Jam-8/Assets
GfxDevice: creating device client; threaded=0
Direct3D:
    Version:  Direct3D 11.0 [level 11.1]
    Renderer: NVIDIA GeForce RTX 2070 (ID=0x1f02)
    Vendor:   
    VRAM:     8031 MB
    Driver:   27.21.14.6089
Initialize mono
Mono path[0] = 'C:/Program Files/Unity/Hub/Editor/2020.2.2f1/Editor/Data/Managed'
Mono path[1] = 'C:/Program Files/Unity/Hub/Editor/2020.2.2f1/Editor/Data/MonoBleedingEdge/lib/mono/unityjit'
Mono config path = 'C:/Program Files/Unity/Hub/Editor/2020.2.2f1/Editor/Data/MonoBleedingEdge/etc'
Using monoOptions --debugger-agent=transport=dt_socket,embedding=1,server=y,suspend=n,address=127.0.0.1:56452
Begin MonoManager ReloadAssembly
Registering precompiled unity dll's ...
Register platform support module: C:/Program Files/Unity/Hub/Editor/2020.2.2f1/Editor/Data/PlaybackEngines/WebGLSupport/UnityEditor.WebGL.Extensions.dll
Register platform support module: C:/Program Files/Unity/Hub/Editor/2020.2.2f1/Editor/Data/PlaybackEngines/MacStandaloneSupport/UnityEditor.OSXStandalone.Extensions.dll
Register platform support module: C:/Program Files/Unity/Hub/Editor/2020.2.2f1/Editor/Data/PlaybackEngines/WindowsStandaloneSupport/UnityEditor.WindowsStandalone.Extensions.dll
Register platform support module: C:/Program Files/Unity/Hub/Editor/2020.2.2f1/Editor/Data/PlaybackEngines/LinuxStandaloneSupport/UnityEditor.LinuxStandalone.Extensions.dll
Registered in 0.003539 seconds.
Native extension for LinuxStandalone target not found
Native extension for WindowsStandalone target not found
Native extension for OSXStandalone target not found
Native extension for WebGL target not found
Refreshing native plugins compatible for Editor in 31.14 ms, found 1 plugins.
Preloading 0 native plugins for Editor in 0.00 ms.
Invoked RoslynAnalysisRunner static constructor.
RoslynAnalysisRunner will not be running.
RoslynAnalysisRunner has terminated.
Mono: successfully reloaded assembly
- Completed reload, in  2.144 seconds
Platform modules already initialized, skipping
Registering precompiled user dll's ...
Registered in 0.000818 seconds.
Begin MonoManager ReloadAssembly
Native extension for LinuxStandalone target not found
Native extension for WindowsStandalone target not found
Native extension for OSXStandalone target not found
Native extension for WebGL target not found
Refreshing native plugins compatible for Editor in 29.49 ms, found 1 plugins.
Preloading 0 native plugins for Editor in 0.00 ms.
Invoked RoslynAnalysisRunner static constructor.
RoslynAnalysisRunner will not be running.
RoslynAnalysisRunner has terminated.
Mono: successfully reloaded assembly
- Completed reload, in  0.767 seconds
Platform modules already initialized, skipping
========================================================================
Worker process is ready to serve import requests
Launched and connected shader compiler UnityShaderCompiler.exe after 0.06 seconds
Refreshing native plugins compatible for Editor in 0.29 ms, found 1 plugins.
Preloading 0 native plugins for Editor in 0.00 ms.
Unloading 1792 Unused Serialized files (Serialized files now loaded: 0)
System memory in use before: 84.2 MB.
System memory in use after: 84.2 MB.

Unloading 24 unused Assets to reduce memory usage. Loaded Objects now: 2233.
Total: 1.706100 ms (FindLiveObjects: 0.157800 ms CreateObjectMapping: 0.057900 ms MarkObjects: 1.385700 ms  DeleteObjects: 0.103700 ms)

========================================================================
Received Import Request.
  path: Assets
  artifactKey: Guid(00000000000000001000000000000000) Importer(815301076,1909f56bfc062723c751e8b465ee728b)
Start importing Assets using Guid(00000000000000001000000000000000) Importer(815301076,1909f56bfc062723c751e8b465ee728b)  -> (artifact id: '4a6e520b92ccfc61bcfa21a7bcab8468') in 0.003567 seconds
  Import took 0.022795 seconds .

========================================================================
Received Import Request.
  Time since last request: 5.819751 seconds.
  path: Assets/Material
  artifactKey: Guid(e7fc69216910441479378f2c256069c4) Importer(815301076,1909f56bfc062723c751e8b465ee728b)
Start importing Assets/Material using Guid(e7fc69216910441479378f2c256069c4) Importer(815301076,1909f56bfc062723c751e8b465ee728b)  -> (artifact id: '3f5801c7f142f36c6884b41e0dc8315a') in 0.001753 seconds
  Import took 0.004397 seconds .

========================================================================
Received Import Request.
  Time since last request: 0.000427 seconds.
  path: Assets/Material
  artifactKey: Guid(e7fc69216910441479378f2c256069c4) Importer(815301076,1909f56bfc062723c751e8b465ee728b)
Start importing Assets/Material using Guid(e7fc69216910441479378f2c256069c4) Importer(815301076,1909f56bfc062723c751e8b465ee728b)  -> (artifact id: '3f5801c7f142f36c6884b41e0dc8315a') in 0.001294 seconds
  Import took 0.003612 seconds .

========================================================================
Received Import Request.
  Time since last request: 3.517268 seconds.
  path: Assets/Materials
  artifactKey: Guid(e7fc69216910441479378f2c256069c4) Importer(815301076,1909f56bfc062723c751e8b465ee728b)
Start importing Assets/Materials using Guid(e7fc69216910441479378f2c256069c4) Importer(815301076,1909f56bfc062723c751e8b465ee728b)  -> (artifact id: 'c3025d06b70eda7d0443acd82c2de51a') in 0.001435 seconds
  Import took 0.004199 seconds .

========================================================================
Received Import Request.
  Time since last request: 7.058809 seconds.
  path: Assets/Sprites
  artifactKey: Guid(85270b3acda83e8449df6a1f95e09f2d) Importer(815301076,1909f56bfc062723c751e8b465ee728b)
Start importing Assets/Sprites using Guid(85270b3acda83e8449df6a1f95e09f2d) Importer(815301076,1909f56bfc062723c751e8b465ee728b)  -> (artifact id: '1667114a7f489980a2a8cd9dad752366') in 0.002129 seconds
  Import took 0.005469 seconds .

========================================================================
Received Import Request.
  Time since last request: 8.699844 seconds.
  path: Assets/Scripts
  artifactKey: Guid(0d940f9c48b3ad84094b257547bbac1c) Importer(815301076,1909f56bfc062723c751e8b465ee728b)
Start importing Assets/Scripts using Guid(0d940f9c48b3ad84094b257547bbac1c) Importer(815301076,1909f56bfc062723c751e8b465ee728b)  -> (artifact id: 'ae8952b4618c82eebaffb6360dd51189') in 0.001963 seconds
  Import took 0.005051 seconds .

========================================================================
Received Import Request.
  Time since last request: 18.285017 seconds.
  path: Assets/Perfabs
  artifactKey: Guid(6ab3ca6333d7ae74f88c95cf129ddce5) Importer(815301076,1909f56bfc062723c751e8b465ee728b)
Start importing Assets/Perfabs using Guid(6ab3ca6333d7ae74f88c95cf129ddce5) Importer(815301076,1909f56bfc062723c751e8b465ee728b)  -> (artifact id: 'ca4db04e41efcfead7902e1342e00e7a') in 0.001688 seconds
  Import took 0.025930 seconds .

AssetImportWorkerClient::OnTransportError - code=2 error=End of file
